[34m[1mtrain: [0mweights=, cfg=/home/zfj/zzh/yolov5-master/models/yolov5pro_s1.yaml, data=/home/zfj/zzh/yolov5-master/data/image_wrjall_qiushao.yaml, hyp=data/hyps/hyp.scratch-low.yaml, epochs=100, batch_size=2, imgsz=2000, rect=False, resume=False, nosave=False, noval=True, noautoanchor=False, noplots=False, evolve=None, evolve_population=data/hyps, resume_evolve=None, bucket=, cache=None, image_weights=False, device=, multi_scale=False, single_cls=False, optimizer=SGD, sync_bn=False, workers=8, project=runs/train, name=exp, exist_ok=False, quad=False, cos_lr=False, label_smoothing=0.0, patience=100, freeze=[0], save_period=-1, seed=0, local_rank=-1, entity=None, upload_dataset=False, bbox_interval=-1, artifact_alias=latest, ndjson_console=False, ndjson_file=False
YOLOv5 🚀 2025-2-18 Python-3.9.12 torch-1.10.1+cu111 CUDA:0 (NVIDIA GeForce RTX 4090, 24217MiB)

[34m[1mhyperparameters: [0mlr0=0.01, lrf=0.01, momentum=0.937, weight_decay=0.0005, warmup_epochs=3.0, warmup_momentum=0.8, warmup_bias_lr=0.1, box=0.05, cls=0.5, cls_pw=1.0, obj=1.0, obj_pw=1.0, iou_t=0.2, anchor_t=4.0, fl_gamma=0.0, hsv_h=0.015, hsv_s=0.7, hsv_v=0.4, degrees=0.0, translate=0.1, scale=0.5, shear=0.0, perspective=0.0, flipud=0.0, fliplr=0.5, mosaic=1.0, mixup=0.0, copy_paste=0.0
[34m[1mComet: [0mrun 'pip install comet_ml' to automatically track and visualize YOLOv5 🚀 runs in Comet
[34m[1mTensorBoard: [0mStart with 'tensorboard --logdir runs/train', view at http://localhost:6006/
Overriding model.yaml nc=4 with nc=2

                 from  n    params  module                                  arguments                     
  0                -1  1      7040  models.common.Conv                      [3, 64, 6, 2, 2]              
  1                -1  1     73984  models.common.Conv                      [64, 128, 3, 2]               
  2                -1  3    156928  models.common.C3                        [128, 128, 3]                 
  3                -1  1    295424  models.common.Conv                      [128, 256, 3, 2]              
  4                -1  6   1118208  models.common.C3                        [256, 256, 6]                 
  5                -1  1   1180672  models.common.Conv                      [256, 512, 3, 2]              
  6                -1  9   6433792  models.common.C3                        [512, 512, 9]                 
  7                -1  1   4720640  models.common.Conv                      [512, 1024, 3, 2]             
  8                -1  3   9971712  models.common.C3                        [1024, 1024, 3]               
  9                -1  1   2624512  models.common.SPPF                      [1024, 1024, 5]               
 10                -1  1    525312  models.common.Conv                      [1024, 512, 1, 1]             
 11                -1  1         0  torch.nn.modules.upsampling.Upsample    [None, 2, 'nearest']          
 12           [-1, 6]  1         0  models.common.Concat                    [1]                           
 13                -1  3   2757632  models.common.C3                        [1024, 512, 3, False]         
 14                -1  1    131584  models.common.Conv                      [512, 256, 1, 1]              
 15                -1  1         0  torch.nn.modules.upsampling.Upsample    [None, 2, 'nearest']          
 16           [-1, 4]  1         0  models.common.Concat                    [1]                           
 17                -1  3    690688  models.common.C3                        [512, 256, 3, False]          
 18                -1  1    590336  models.common.Conv                      [256, 256, 3, 2]              
 19          [-1, 14]  1         0  models.common.Concat                    [1]                           
 20                -1  3   2495488  models.common.C3                        [512, 512, 3, False]          
 21                -1  1   2360320  models.common.Conv                      [512, 512, 3, 2]              
 22          [-1, 10]  1         0  models.common.Concat                    [1]                           
 23                -1  3   9971712  models.common.C3                        [1024, 1024, 3, False]        
 24      [17, 20, 23]  1     37695  models.yolo.Detect                      [2, [[10, 13, 16, 30, 33, 23], [30, 61, 62, 45, 59, 119], [116, 90, 156, 198, 373, 326]], [256, 512, 1024]]
YOLOv5pro_s1 summary: 368 layers, 46143679 parameters, 46143679 gradients, 108.1 GFLOPs

[34m[1mAMP: [0mchecks passed ✅
WARNING ⚠️ --img-size 2000 must be multiple of max stride 32, updating to 2016
[34m[1moptimizer:[0m SGD(lr=0.01) with parameter groups 101 weight(decay=0.0), 104 weight(decay=0.0005), 104 bias
[34m[1mgithub: [0mskipping check (not a git repository), for updates see https://github.com/ultralytics/yolov5
Traceback (most recent call last):
  File "/home/zfj/zzh/yolov5-master/train.py", line 991, in <module>
    main(opt)
  File "/home/zfj/zzh/yolov5-master/train.py", line 693, in main
    train(opt.hyp, opt, device, callbacks)
  File "/home/zfj/zzh/yolov5-master/train.py", line 314, in train
    val_loader = create_dataloader(
  File "/home/zfj/zzh/yolov5-master/utils/dataloaders.py", line 189, in create_dataloader
    dataset = LoadImages(
  File "/home/zfj/zzh/yolov5-master/utils/dataloaders.py", line 327, in __init__
    p = str(Path(p).resolve())
  File "/home/zfj/anaconda3/envs/zfj/lib/python3.9/pathlib.py", line 745, in __str__
    try:
KeyboardInterrupt
